<?xml version="1.0" encoding="UTF-8"?>
<!-- Generated by org.testng.reporters.JUnitXMLReporter -->
<testsuite hostname="lenovo-PC" ignored="0" name="Edgepay Application Test" tests="9" failures="0" timestamp="26 Aug 2018 12:51:20 GMT" time="304.651" errors="0">
  <testcase name="loginPageTitleTest" time="0.078" classname="com.get.qa.testcases.LoginPageTest"/>
  <testcase name="verifyDashboardTxtTest" time="0.127" classname="com.get.qa.testcases.HomePageTest"/>
  <testcase name="verifyTokenManagerPageTest" time="0.085" classname="com.get.qa.testcases.TokenManagerPageTest"/>
  <testcase name="loginTest" time="15.571" classname="com.get.qa.testcases.LoginPageTest"/>
  <testcase name="clickTokenManagerLinkTest" time="6.253" classname="com.get.qa.testcases.HomePageTest"/>
  <testcase name="requestCardTokenTest" time="8.289" classname="com.get.qa.testcases.TokenManagerPageTest"/>
  <testcase name="requestCardTokenTest" time="8.289" classname="com.get.qa.testcases.TokenManagerPageTest"/>
  <testcase name="requestCheckTokenTest" time="7.678" classname="com.get.qa.testcases.TokenManagerPageTest"/>
  <testcase name="requestCheckTokenTest" time="7.695" classname="com.get.qa.testcases.TokenManagerPageTest"/>
</testsuite> <!-- Edgepay Application Test -->
