<?xml version="1.0" encoding="UTF-8"?>
<testng-results skipped="0" failed="1" ignored="0" total="9" passed="8">
  <reporter-output>
  </reporter-output>
  <suite name="Surefire suite" duration-ms="306042" started-at="2018-08-29T19:17:41Z" finished-at="2018-08-29T19:22:47Z">
    <groups>
    </groups>
    <test name="Surefire test" duration-ms="306042" started-at="2018-08-29T19:17:41Z" finished-at="2018-08-29T19:22:47Z">
      <class name="com.get.qa.testcases.HomePageTest">
        <test-method status="PASS" signature="setup()[pri:0, instance:com.get.qa.testcases.HomePageTest@3567135c]" name="setup" is-config="true" duration-ms="35261" started-at="2018-08-29T19:17:41Z" finished-at="2018-08-29T19:18:17Z">
          <reporter-output>
          </reporter-output>
        </test-method> <!-- setup -->
        <test-method status="PASS" signature="verifyDashboardTxtTest()[pri:1, instance:com.get.qa.testcases.HomePageTest@3567135c]" name="verifyDashboardTxtTest" duration-ms="131" started-at="2018-08-29T19:18:17Z" finished-at="2018-08-29T19:18:17Z">
          <reporter-output>
          </reporter-output>
        </test-method> <!-- verifyDashboardTxtTest -->
        <test-method status="PASS" signature="tearDown()[pri:0, instance:com.get.qa.testcases.HomePageTest@3567135c]" name="tearDown" is-config="true" duration-ms="834" started-at="2018-08-29T19:18:17Z" finished-at="2018-08-29T19:18:18Z">
          <reporter-output>
          </reporter-output>
        </test-method> <!-- tearDown -->
        <test-method status="PASS" signature="setup()[pri:0, instance:com.get.qa.testcases.HomePageTest@3567135c]" name="setup" is-config="true" duration-ms="24052" started-at="2018-08-29T19:18:59Z" finished-at="2018-08-29T19:19:23Z">
          <reporter-output>
          </reporter-output>
        </test-method> <!-- setup -->
        <test-method status="PASS" signature="clickTokenManagerLinkTest()[pri:2, instance:com.get.qa.testcases.HomePageTest@3567135c]" name="clickTokenManagerLinkTest" duration-ms="6237" started-at="2018-08-29T19:19:23Z" finished-at="2018-08-29T19:19:29Z">
          <reporter-output>
          </reporter-output>
        </test-method> <!-- clickTokenManagerLinkTest -->
        <test-method status="PASS" signature="tearDown()[pri:0, instance:com.get.qa.testcases.HomePageTest@3567135c]" name="tearDown" is-config="true" duration-ms="821" started-at="2018-08-29T19:19:29Z" finished-at="2018-08-29T19:19:30Z">
          <reporter-output>
          </reporter-output>
        </test-method> <!-- tearDown -->
      </class> <!-- com.get.qa.testcases.HomePageTest -->
      <class name="com.get.qa.testcases.LoginPageTest">
        <test-method status="PASS" signature="setup()[pri:0, instance:com.get.qa.testcases.LoginPageTest@327471b5]" name="setup" is-config="true" duration-ms="7731" started-at="2018-08-29T19:18:18Z" finished-at="2018-08-29T19:18:25Z">
          <reporter-output>
          </reporter-output>
        </test-method> <!-- setup -->
        <test-method status="PASS" signature="loginPageTitleTest()[pri:1, instance:com.get.qa.testcases.LoginPageTest@327471b5]" name="loginPageTitleTest" duration-ms="21" started-at="2018-08-29T19:18:25Z" finished-at="2018-08-29T19:18:25Z">
          <reporter-output>
          </reporter-output>
        </test-method> <!-- loginPageTitleTest -->
        <test-method status="PASS" signature="tearDown()[pri:0, instance:com.get.qa.testcases.LoginPageTest@327471b5]" name="tearDown" is-config="true" duration-ms="811" started-at="2018-08-29T19:18:25Z" finished-at="2018-08-29T19:18:26Z">
          <reporter-output>
          </reporter-output>
        </test-method> <!-- tearDown -->
        <test-method status="PASS" signature="setup()[pri:0, instance:com.get.qa.testcases.LoginPageTest@327471b5]" name="setup" is-config="true" duration-ms="12588" started-at="2018-08-29T19:19:30Z" finished-at="2018-08-29T19:19:42Z">
          <reporter-output>
          </reporter-output>
        </test-method> <!-- setup -->
        <test-method status="PASS" signature="loginTest()[pri:2, instance:com.get.qa.testcases.LoginPageTest@327471b5]" name="loginTest" duration-ms="16387" started-at="2018-08-29T19:19:42Z" finished-at="2018-08-29T19:19:59Z">
          <reporter-output>
          </reporter-output>
        </test-method> <!-- loginTest -->
        <test-method status="PASS" signature="tearDown()[pri:0, instance:com.get.qa.testcases.LoginPageTest@327471b5]" name="tearDown" is-config="true" duration-ms="772" started-at="2018-08-29T19:19:59Z" finished-at="2018-08-29T19:20:00Z">
          <reporter-output>
          </reporter-output>
        </test-method> <!-- tearDown -->
      </class> <!-- com.get.qa.testcases.LoginPageTest -->
      <class name="com.get.qa.testcases.TokenManagerPageTest">
        <test-method status="PASS" signature="setup()[pri:0, instance:com.get.qa.testcases.TokenManagerPageTest@4157f54e]" name="setup" is-config="true" duration-ms="31624" started-at="2018-08-29T19:18:26Z" finished-at="2018-08-29T19:18:58Z">
          <reporter-output>
          </reporter-output>
        </test-method> <!-- setup -->
        <test-method status="PASS" signature="verifyTokenManagerPageTest()[pri:1, instance:com.get.qa.testcases.TokenManagerPageTest@4157f54e]" name="verifyTokenManagerPageTest" duration-ms="75" started-at="2018-08-29T19:18:58Z" finished-at="2018-08-29T19:18:58Z">
          <reporter-output>
          </reporter-output>
        </test-method> <!-- verifyTokenManagerPageTest -->
        <test-method status="PASS" signature="tearDown()[pri:0, instance:com.get.qa.testcases.TokenManagerPageTest@4157f54e]" name="tearDown" is-config="true" duration-ms="848" started-at="2018-08-29T19:18:58Z" finished-at="2018-08-29T19:18:59Z">
          <reporter-output>
          </reporter-output>
        </test-method> <!-- tearDown -->
        <test-method status="PASS" signature="setup()[pri:0, instance:com.get.qa.testcases.TokenManagerPageTest@4157f54e]" name="setup" is-config="true" duration-ms="34222" started-at="2018-08-29T19:20:02Z" finished-at="2018-08-29T19:20:36Z">
          <reporter-output>
          </reporter-output>
        </test-method> <!-- setup -->
        <test-method status="PASS" signature="requestCardTokenTest(java.lang.Object)[pri:2, instance:com.get.qa.testcases.TokenManagerPageTest@4157f54e]" name="requestCardTokenTest" duration-ms="8481" started-at="2018-08-29T19:20:36Z" data-provider="getCardTokenTestData" finished-at="2018-08-29T19:20:44Z">
          <params>
            <param index="0">
              <value>
                <![CDATA[4111111111111111]]>
              </value>
            </param>
          </params>
          <reporter-output>
          </reporter-output>
        </test-method> <!-- requestCardTokenTest -->
        <test-method status="PASS" signature="tearDown()[pri:0, instance:com.get.qa.testcases.TokenManagerPageTest@4157f54e]" name="tearDown" is-config="true" duration-ms="836" started-at="2018-08-29T19:20:44Z" finished-at="2018-08-29T19:20:45Z">
          <reporter-output>
          </reporter-output>
        </test-method> <!-- tearDown -->
        <test-method status="PASS" signature="setup()[pri:0, instance:com.get.qa.testcases.TokenManagerPageTest@4157f54e]" name="setup" is-config="true" duration-ms="29769" started-at="2018-08-29T19:20:45Z" finished-at="2018-08-29T19:21:15Z">
          <reporter-output>
          </reporter-output>
        </test-method> <!-- setup -->
        <test-method status="PASS" signature="requestCardTokenTest(java.lang.Object)[pri:2, instance:com.get.qa.testcases.TokenManagerPageTest@4157f54e]" name="requestCardTokenTest" duration-ms="8164" started-at="2018-08-29T19:21:15Z" data-provider="getCardTokenTestData" finished-at="2018-08-29T19:21:23Z">
          <params>
            <param index="0">
              <value>
                <![CDATA[4444333322221111]]>
              </value>
            </param>
          </params>
          <reporter-output>
          </reporter-output>
        </test-method> <!-- requestCardTokenTest -->
        <test-method status="PASS" signature="tearDown()[pri:0, instance:com.get.qa.testcases.TokenManagerPageTest@4157f54e]" name="tearDown" is-config="true" duration-ms="879" started-at="2018-08-29T19:21:23Z" finished-at="2018-08-29T19:21:24Z">
          <reporter-output>
          </reporter-output>
        </test-method> <!-- tearDown -->
        <test-method status="PASS" signature="setup()[pri:0, instance:com.get.qa.testcases.TokenManagerPageTest@4157f54e]" name="setup" is-config="true" duration-ms="36615" started-at="2018-08-29T19:21:24Z" finished-at="2018-08-29T19:22:01Z">
          <reporter-output>
          </reporter-output>
        </test-method> <!-- setup -->
        <test-method status="PASS" signature="requestCheckTokenTest(java.lang.Object, java.lang.Object)[pri:3, instance:com.get.qa.testcases.TokenManagerPageTest@4157f54e]" name="requestCheckTokenTest" duration-ms="7742" started-at="2018-08-29T19:22:01Z" data-provider="getCheckTokenTestData" finished-at="2018-08-29T19:22:09Z">
          <params>
            <param index="0">
              <value>
                <![CDATA[123456789]]>
              </value>
            </param>
            <param index="1">
              <value>
                <![CDATA[98765432123456]]>
              </value>
            </param>
          </params>
          <reporter-output>
          </reporter-output>
        </test-method> <!-- requestCheckTokenTest -->
        <test-method status="PASS" signature="tearDown()[pri:0, instance:com.get.qa.testcases.TokenManagerPageTest@4157f54e]" name="tearDown" is-config="true" duration-ms="854" started-at="2018-08-29T19:22:09Z" finished-at="2018-08-29T19:22:09Z">
          <reporter-output>
          </reporter-output>
        </test-method> <!-- tearDown -->
        <test-method status="PASS" signature="setup()[pri:0, instance:com.get.qa.testcases.TokenManagerPageTest@4157f54e]" name="setup" is-config="true" duration-ms="29253" started-at="2018-08-29T19:22:09Z" finished-at="2018-08-29T19:22:39Z">
          <reporter-output>
          </reporter-output>
        </test-method> <!-- setup -->
        <test-method status="FAIL" signature="requestCheckTokenTest(java.lang.Object, java.lang.Object)[pri:3, instance:com.get.qa.testcases.TokenManagerPageTest@4157f54e]" name="requestCheckTokenTest" duration-ms="7773" started-at="2018-08-29T19:22:39Z" data-provider="getCheckTokenTestData" finished-at="2018-08-29T19:22:47Z">
          <params>
            <param index="0">
              <value>
                <![CDATA[123456785]]>
              </value>
            </param>
            <param index="1">
              <value>
                <![CDATA[98765432123456]]>
              </value>
            </param>
          </params>
          <exception class="org.openqa.selenium.ElementNotVisibleException">
            <message>
              <![CDATA[element not visible
  (Session info: chrome=68.0.3440.106)
  (Driver info: chromedriver=2.41.578737 (49da6702b16031c40d63e5618de03a32ff6c197e),platform=Windows NT 6.1.7601 SP1 x86_64) (WARNING: The server did not provide any stacktrace information)
Command duration or timeout: 0 milliseconds
Build info: version: '3.13.0', revision: '2f0d292', time: '2018-06-25T15:24:21.231Z'
System info: host: 'LENOVO-PC', ip: '192.168.43.102', os.name: 'Windows 7', os.arch: 'amd64', os.version: '6.1', java.version: '1.8.0_181'
Driver info: org.openqa.selenium.chrome.ChromeDriver
Capabilities {acceptInsecureCerts: false, acceptSslCerts: false, applicationCacheEnabled: false, browserConnectionEnabled: false, browserName: chrome, chrome: {chromedriverVersion: 2.41.578737 (49da6702b16031..., userDataDir: C:\Users\lenovo\AppData\Loc...}, cssSelectorsEnabled: true, databaseEnabled: false, goog:chromeOptions: {debuggerAddress: localhost:50015}, handlesAlerts: true, hasTouchScreen: false, javascriptEnabled: true, locationContextEnabled: true, mobileEmulationEnabled: false, nativeEvents: true, networkConnectionEnabled: false, pageLoadStrategy: normal, platform: XP, platformName: XP, rotatable: false, setWindowRect: true, takesHeapSnapshot: true, takesScreenshot: true, unexpectedAlertBehaviour: , unhandledPromptBehavior: , version: 68.0.3440.106, webStorageEnabled: true}
Session ID: cedfa6fe1708162a1aecbc267a648034]]>
            </message>
            <full-stacktrace>
              <![CDATA[org.openqa.selenium.ElementNotVisibleException: element not visible
  (Session info: chrome=68.0.3440.106)
  (Driver info: chromedriver=2.41.578737 (49da6702b16031c40d63e5618de03a32ff6c197e),platform=Windows NT 6.1.7601 SP1 x86_64) (WARNING: The server did not provide any stacktrace information)
Command duration or timeout: 0 milliseconds
Build info: version: '3.13.0', revision: '2f0d292', time: '2018-06-25T15:24:21.231Z'
System info: host: 'LENOVO-PC', ip: '192.168.43.102', os.name: 'Windows 7', os.arch: 'amd64', os.version: '6.1', java.version: '1.8.0_181'
Driver info: org.openqa.selenium.chrome.ChromeDriver
Capabilities {acceptInsecureCerts: false, acceptSslCerts: false, applicationCacheEnabled: false, browserConnectionEnabled: false, browserName: chrome, chrome: {chromedriverVersion: 2.41.578737 (49da6702b16031..., userDataDir: C:\Users\lenovo\AppData\Loc...}, cssSelectorsEnabled: true, databaseEnabled: false, goog:chromeOptions: {debuggerAddress: localhost:50015}, handlesAlerts: true, hasTouchScreen: false, javascriptEnabled: true, locationContextEnabled: true, mobileEmulationEnabled: false, nativeEvents: true, networkConnectionEnabled: false, pageLoadStrategy: normal, platform: XP, platformName: XP, rotatable: false, setWindowRect: true, takesHeapSnapshot: true, takesScreenshot: true, unexpectedAlertBehaviour: , unhandledPromptBehavior: , version: 68.0.3440.106, webStorageEnabled: true}
Session ID: cedfa6fe1708162a1aecbc267a648034
at sun.reflect.NativeConstructorAccessorImpl.newInstance0(Native Method)
at sun.reflect.NativeConstructorAccessorImpl.newInstance(Unknown Source)
at sun.reflect.DelegatingConstructorAccessorImpl.newInstance(Unknown Source)
at java.lang.reflect.Constructor.newInstance(Unknown Source)
at org.openqa.selenium.remote.ErrorHandler.createThrowable(ErrorHandler.java:214)
at org.openqa.selenium.remote.ErrorHandler.throwIfResponseFailed(ErrorHandler.java:166)
at org.openqa.selenium.remote.http.JsonHttpResponseCodec.reconstructValue(JsonHttpResponseCodec.java:40)
at org.openqa.selenium.remote.http.AbstractHttpResponseCodec.decode(AbstractHttpResponseCodec.java:80)
at org.openqa.selenium.remote.http.AbstractHttpResponseCodec.decode(AbstractHttpResponseCodec.java:44)
at org.openqa.selenium.remote.HttpCommandExecutor.execute(HttpCommandExecutor.java:158)
at org.openqa.selenium.remote.service.DriverCommandExecutor.execute(DriverCommandExecutor.java:83)
at org.openqa.selenium.remote.RemoteWebDriver.execute(RemoteWebDriver.java:548)
at org.openqa.selenium.remote.RemoteWebElement.execute(RemoteWebElement.java:276)
at org.openqa.selenium.remote.RemoteWebElement.click(RemoteWebElement.java:83)
at sun.reflect.GeneratedMethodAccessor6.invoke(Unknown Source)
at sun.reflect.DelegatingMethodAccessorImpl.invoke(Unknown Source)
at java.lang.reflect.Method.invoke(Unknown Source)
at org.openqa.selenium.support.events.EventFiringWebDriver$EventFiringWebElement.lambda$new$0(EventFiringWebDriver.java:403)
at com.sun.proxy.$Proxy11.click(Unknown Source)
at org.openqa.selenium.support.events.EventFiringWebDriver$EventFiringWebElement.click(EventFiringWebDriver.java:416)
at sun.reflect.GeneratedMethodAccessor6.invoke(Unknown Source)
at sun.reflect.DelegatingMethodAccessorImpl.invoke(Unknown Source)
at java.lang.reflect.Method.invoke(Unknown Source)
at org.openqa.selenium.support.pagefactory.internal.LocatingElementHandler.invoke(LocatingElementHandler.java:51)
at com.sun.proxy.$Proxy10.click(Unknown Source)
at com.get.qa.pages.TokenManagerPage.requestCheckToken(TokenManagerPage.java:124)
at com.get.qa.testcases.TokenManagerPageTest.requestCheckTokenTest(TokenManagerPageTest.java:63)
at sun.reflect.NativeMethodAccessorImpl.invoke0(Native Method)
at sun.reflect.NativeMethodAccessorImpl.invoke(Unknown Source)
at sun.reflect.DelegatingMethodAccessorImpl.invoke(Unknown Source)
at java.lang.reflect.Method.invoke(Unknown Source)
at org.testng.internal.MethodInvocationHelper.invokeMethod(MethodInvocationHelper.java:124)
at org.testng.internal.Invoker.invokeMethod(Invoker.java:583)
at org.testng.internal.Invoker.invokeTestMethod(Invoker.java:719)
at org.testng.internal.Invoker.invokeTestMethods(Invoker.java:989)
at org.testng.internal.TestMethodWorker.invokeTestMethods(TestMethodWorker.java:125)
at org.testng.internal.TestMethodWorker.run(TestMethodWorker.java:109)
at org.testng.TestRunner.privateRun(TestRunner.java:648)
at org.testng.TestRunner.run(TestRunner.java:505)
at org.testng.SuiteRunner.runTest(SuiteRunner.java:455)
at org.testng.SuiteRunner.runSequentially(SuiteRunner.java:450)
at org.testng.SuiteRunner.privateRun(SuiteRunner.java:415)
at org.testng.SuiteRunner.run(SuiteRunner.java:364)
at org.testng.SuiteRunnerWorker.runSuite(SuiteRunnerWorker.java:52)
at org.testng.SuiteRunnerWorker.run(SuiteRunnerWorker.java:84)
at org.testng.TestNG.runSuitesSequentially(TestNG.java:1208)
at org.testng.TestNG.runSuitesLocally(TestNG.java:1137)
at org.testng.TestNG.runSuites(TestNG.java:1049)
at org.testng.TestNG.run(TestNG.java:1017)
at org.apache.maven.surefire.testng.TestNGExecutor.run(TestNGExecutor.java:132)
at org.apache.maven.surefire.testng.TestNGDirectoryTestSuite.executeMulti(TestNGDirectoryTestSuite.java:193)
at org.apache.maven.surefire.testng.TestNGDirectoryTestSuite.execute(TestNGDirectoryTestSuite.java:94)
at org.apache.maven.surefire.testng.TestNGProvider.invoke(TestNGProvider.java:147)
at org.apache.maven.surefire.booter.ForkedBooter.invokeProviderInSameClassLoader(ForkedBooter.java:290)
at org.apache.maven.surefire.booter.ForkedBooter.runSuitesInProcess(ForkedBooter.java:242)
at org.apache.maven.surefire.booter.ForkedBooter.main(ForkedBooter.java:121)
]]>
            </full-stacktrace>
          </exception> <!-- org.openqa.selenium.ElementNotVisibleException -->
          <reporter-output>
          </reporter-output>
        </test-method> <!-- requestCheckTokenTest -->
        <test-method status="PASS" signature="tearDown()[pri:0, instance:com.get.qa.testcases.TokenManagerPageTest@4157f54e]" name="tearDown" is-config="true" duration-ms="790" started-at="2018-08-29T19:22:47Z" finished-at="2018-08-29T19:22:47Z">
          <reporter-output>
          </reporter-output>
        </test-method> <!-- tearDown -->
      </class> <!-- com.get.qa.testcases.TokenManagerPageTest -->
    </test> <!-- Surefire test -->
  </suite> <!-- Surefire suite -->
</testng-results>
