<?xml version="1.0" encoding="UTF-8"?>
<testsuite xmlns:xsi="http://www.w3.org/2001/XMLSchema-instance" xsi:schemaLocation="https://maven.apache.org/surefire/maven-surefire-plugin/xsd/surefire-test-report.xsd" name="TestSuite" time="307.37" tests="9" errors="0" skipped="0" failures="1">
  <properties>
[...]
</properties>
  <testcase name="verifyDashboardTxtTest" classname="com.get.qa.testcases.HomePageTest" time="0.132"/>
  <testcase name="loginPageTitleTest" classname="com.get.qa.testcases.LoginPageTest" time="0.018"/>
  <testcase name="verifyTokenManagerPageTest" classname="com.get.qa.testcases.TokenManagerPageTest" time="0.066"/>
  <testcase name="clickTokenManagerLinkTest" classname="com.get.qa.testcases.HomePageTest" time="6.237"/>
  <testcase name="loginTest" classname="com.get.qa.testcases.LoginPageTest" time="16.387"/>
  <testcase name="requestCardTokenTest" classname="com.get.qa.testcases.TokenManagerPageTest" time="8.474"/>
  <testcase name="requestCardTokenTest" classname="com.get.qa.testcases.TokenManagerPageTest" time="8.162"/>
  <testcase name="requestCheckTokenTest" classname="com.get.qa.testcases.TokenManagerPageTest" time="7.742"/>
  <testcase name="requestCheckTokenTest" classname="com.get.qa.testcases.TokenManagerPageTest" time="7.802">
    <failure message="element not visible&#10;  (Session info: chrome=68.0.3440.106)&#10;  (Driver info: chromedriver=2.41.578737 (49da6702b16031c40d63e5618de03a32ff6c197e),platform=Windows NT 6.1.7601 SP1 x86_64) (WARNING: The server did not provide any stacktrace information)&#10;Command duration or timeout: 0 milliseconds&#10;Build info: version: &apos;3.13.0&apos;, revision: &apos;2f0d292&apos;, time: &apos;2018-06-25T15:24:21.231Z&apos;&#10;System info: host: &apos;LENOVO-PC&apos;, ip: &apos;192.168.43.102&apos;, os.name: &apos;Windows 7&apos;, os.arch: &apos;amd64&apos;, os.version: &apos;6.1&apos;, java.version: &apos;1.8.0_181&apos;&#10;Driver info: org.openqa.selenium.chrome.ChromeDriver&#10;Capabilities {acceptInsecureCerts: false, acceptSslCerts: false, applicationCacheEnabled: false, browserConnectionEnabled: false, browserName: chrome, chrome: {chromedriverVersion: 2.41.578737 (49da6702b16031..., userDataDir: C:\Users\lenovo\AppData\Loc...}, cssSelectorsEnabled: true, databaseEnabled: false, goog:chromeOptions: {debuggerAddress: localhost:50015}, handlesAlerts: true, hasTouchScreen: false, javascriptEnabled: true, locationContextEnabled: true, mobileEmulationEnabled: false, nativeEvents: true, networkConnectionEnabled: false, pageLoadStrategy: normal, platform: XP, platformName: XP, rotatable: false, setWindowRect: true, takesHeapSnapshot: true, takesScreenshot: true, unexpectedAlertBehaviour: , unhandledPromptBehavior: , version: 68.0.3440.106, webStorageEnabled: true}&#10;Session ID: cedfa6fe1708162a1aecbc267a648034" type="org.openqa.selenium.ElementNotVisibleException">org.openqa.selenium.ElementNotVisibleException: 
element not visible
  (Session info: chrome=68.0.3440.106)
  (Driver info: chromedriver=2.41.578737 (49da6702b16031c40d63e5618de03a32ff6c197e),platform=Windows NT 6.1.7601 SP1 x86_64) (WARNING: The server did not provide any stacktrace information)
Command duration or timeout: 0 milliseconds
Build info: version: '3.13.0', revision: '2f0d292', time: '2018-06-25T15:24:21.231Z'
System info: host: 'LENOVO-PC', ip: '192.168.43.102', os.name: 'Windows 7', os.arch: 'amd64', os.version: '6.1', java.version: '1.8.0_181'
Driver info: org.openqa.selenium.chrome.ChromeDriver
Capabilities {acceptInsecureCerts: false, acceptSslCerts: false, applicationCacheEnabled: false, browserConnectionEnabled: false, browserName: chrome, chrome: {chromedriverVersion: 2.41.578737 (49da6702b16031..., userDataDir: C:\Users\lenovo\AppData\Loc...}, cssSelectorsEnabled: true, databaseEnabled: false, goog:chromeOptions: {debuggerAddress: localhost:50015}, handlesAlerts: true, hasTouchScreen: false, javascriptEnabled: true, locationContextEnabled: true, mobileEmulationEnabled: false, nativeEvents: true, networkConnectionEnabled: false, pageLoadStrategy: normal, platform: XP, platformName: XP, rotatable: false, setWindowRect: true, takesHeapSnapshot: true, takesScreenshot: true, unexpectedAlertBehaviour: , unhandledPromptBehavior: , version: 68.0.3440.106, webStorageEnabled: true}
Session ID: cedfa6fe1708162a1aecbc267a648034
	at com.get.qa.testcases.TokenManagerPageTest.requestCheckTokenTest(TokenManagerPageTest.java:63)
</failure>
    <system-out><![CDATA[Before navigating to: 'https://qadeployment-web-gateway-lb-577100117.us-west-2.elb.amazonaws.com/'
Navigated to:'https://qadeployment-web-gateway-lb-577100117.us-west-2.elb.amazonaws.com/'
Trying to find Element By : By.xpath: //input[@name='userName']
Found Element By : By.xpath: //input[@name='userName']
Trying to find Element By : By.xpath: //input[@name='password']
Found Element By : By.xpath: //input[@name='password']
Trying to find Element By : By.xpath: //button[@id='loginButton']
Found Element By : By.xpath: //button[@id='loginButton']
Trying to click on: [[ChromeDriver: chrome on XP (cedfa6fe1708162a1aecbc267a648034)] -> xpath: //button[@id='loginButton']]
Clicked on: [[ChromeDriver: chrome on XP (cedfa6fe1708162a1aecbc267a648034)] -> xpath: //button[@id='loginButton']]
Trying to find Element By : By.xpath: //li[@id='tokenManager']/a
Found Element By : By.xpath: //li[@id='tokenManager']/a
Trying to click on: [[ChromeDriver: chrome on XP (cedfa6fe1708162a1aecbc267a648034)] -> xpath: //li[@id='tokenManager']/a]
Clicked on: [[ChromeDriver: chrome on XP (cedfa6fe1708162a1aecbc267a648034)] -> xpath: //li[@id='tokenManager']/a]
Trying to find Element By : By.xpath: //div[@id='header-mid']/button[2]
Found Element By : By.xpath: //div[@id='header-mid']/button[2]
Trying to click on: [[ChromeDriver: chrome on XP (cedfa6fe1708162a1aecbc267a648034)] -> xpath: //div[@id='header-mid']/button[2]]
Clicked on: [[ChromeDriver: chrome on XP (cedfa6fe1708162a1aecbc267a648034)] -> xpath: //div[@id='header-mid']/button[2]]
Trying to find Element By : By.xpath: //div[@id='header-mid']/ul/li[*]/a[text()='9674134323 | Ankur']
Found Element By : By.xpath: //div[@id='header-mid']/ul/li[*]/a[text()='9674134323 | Ankur']
Trying to click on: [[ChromeDriver: chrome on XP (cedfa6fe1708162a1aecbc267a648034)] -> xpath: //div[@id='header-mid']/ul/li[*]/a[text()='9674134323 | Ankur']]
Clicked on: [[ChromeDriver: chrome on XP (cedfa6fe1708162a1aecbc267a648034)] -> xpath: //div[@id='header-mid']/ul/li[*]/a[text()='9674134323 | Ankur']]
Exception occured: org.openqa.selenium.UnsupportedCommandException: actions
Build info: version: '3.13.0', revision: '2f0d292', time: '2018-06-25T15:24:21.231Z'
System info: host: 'LENOVO-PC', ip: '192.168.43.102', os.name: 'Windows 7', os.arch: 'amd64', os.version: '6.1', java.version: '1.8.0_181'
Driver info: driver.version: EventFiringWebDriver
Trying to find Element By : By.xpath: //div[@id='header-mid']/ul/li[*]/a[text()='9674134323 | Ankur']
Found Element By : By.xpath: //div[@id='header-mid']/ul/li[*]/a[text()='9674134323 | Ankur']
Trying to find Element By : By.xpath: //input[@id='checkt_card_check']
Found Element By : By.xpath: //input[@id='checkt_card_check']
Trying to click on: [[ChromeDriver: chrome on XP (cedfa6fe1708162a1aecbc267a648034)] -> xpath: //input[@id='checkt_card_check']]
Clicked on: [[ChromeDriver: chrome on XP (cedfa6fe1708162a1aecbc267a648034)] -> xpath: //input[@id='checkt_card_check']]
Trying to find Element By : By.xpath: //input[@id='checkt_route']
Found Element By : By.xpath: //input[@id='checkt_route']
Trying to find Element By : By.xpath: //input[@id='checkt_account']
Found Element By : By.xpath: //input[@id='checkt_account']
Trying to find Element By : By.xpath: (//button[text()='Submit'])[2]
Found Element By : By.xpath: (//button[text()='Submit'])[2]
Trying to click on: [[ChromeDriver: chrome on XP (cedfa6fe1708162a1aecbc267a648034)] -> xpath: (//button[text()='Submit'])[2]]
Clicked on: [[ChromeDriver: chrome on XP (cedfa6fe1708162a1aecbc267a648034)] -> xpath: (//button[text()='Submit'])[2]]
Trying to find Element By : By.xpath: //button[text()='Copy']
Found Element By : By.xpath: //button[text()='Copy']
Trying to click on: [[ChromeDriver: chrome on XP (cedfa6fe1708162a1aecbc267a648034)] -> xpath: //button[text()='Copy']]
Exception occured: org.openqa.selenium.ElementNotVisibleException: element not visible
  (Session info: chrome=68.0.3440.106)
  (Driver info: chromedriver=2.41.578737 (49da6702b16031c40d63e5618de03a32ff6c197e),platform=Windows NT 6.1.7601 SP1 x86_64) (WARNING: The server did not provide any stacktrace information)
Command duration or timeout: 0 milliseconds
Build info: version: '3.13.0', revision: '2f0d292', time: '2018-06-25T15:24:21.231Z'
System info: host: 'LENOVO-PC', ip: '192.168.43.102', os.name: 'Windows 7', os.arch: 'amd64', os.version: '6.1', java.version: '1.8.0_181'
Driver info: org.openqa.selenium.chrome.ChromeDriver
Capabilities {acceptInsecureCerts: false, acceptSslCerts: false, applicationCacheEnabled: false, browserConnectionEnabled: false, browserName: chrome, chrome: {chromedriverVersion: 2.41.578737 (49da6702b16031..., userDataDir: C:\Users\lenovo\AppData\Loc...}, cssSelectorsEnabled: true, databaseEnabled: false, goog:chromeOptions: {debuggerAddress: localhost:50015}, handlesAlerts: true, hasTouchScreen: false, javascriptEnabled: true, locationContextEnabled: true, mobileEmulationEnabled: false, nativeEvents: true, networkConnectionEnabled: false, pageLoadStrategy: normal, platform: XP, platformName: XP, rotatable: false, setWindowRect: true, takesHeapSnapshot: true, takesScreenshot: true, unexpectedAlertBehaviour: , unhandledPromptBehavior: , version: 68.0.3440.106, webStorageEnabled: true}
Session ID: cedfa6fe1708162a1aecbc267a648034
]]></system-out>
    <system-err><![CDATA[Starting ChromeDriver 2.41.578737 (49da6702b16031c40d63e5618de03a32ff6c197e) on port 11727
Only local connections are allowed.
Aug 30, 2018 12:52:12 AM org.openqa.selenium.remote.ProtocolHandshake createSession
INFO: Detected dialect: OSS
]]></system-err>
  </testcase>
</testsuite>