<?xml version="1.0" encoding="UTF-8"?>
<!-- Generated by org.testng.reporters.JUnitXMLReporter -->
<testsuite hostname="lenovo-PC" ignored="0" name="GET PSP Application Test" tests="7" failures="0" timestamp="17 Aug 2018 19:41:26 GMT" time="197.657" errors="0">
  <testcase name="loginPageTitleTest" time="0.056" classname="com.get.qa.testcases.LoginPageTest"/>
  <testcase name="verifyDashboardTxtTest" time="0.102" classname="com.get.qa.testcases.HomePageTest"/>
  <testcase name="verifyTokenManagerPageTest" time="0.076" classname="com.get.qa.testcases.TokenManagerPageTest"/>
  <testcase name="loginTest" time="16.35" classname="com.get.qa.testcases.LoginPageTest"/>
  <testcase name="clickTokenManagerLinkTest" time="6.248" classname="com.get.qa.testcases.HomePageTest"/>
  <testcase name="requestCardTokenTest" time="4.855" classname="com.get.qa.testcases.TokenManagerPageTest"/>
  <testcase name="requestCheckTokenTest" time="4.337" classname="com.get.qa.testcases.TokenManagerPageTest"/>
</testsuite> <!-- GET PSP Application Test -->
