<?xml version="1.0" encoding="UTF-8"?>
<testng-results skipped="0" failed="0" ignored="0" total="9" passed="9">
  <reporter-output>
  </reporter-output>
  <suite name="Edgepay Application Test Automation Test Suite" duration-ms="304651" started-at="2018-08-26T12:46:15Z" finished-at="2018-08-26T12:51:20Z">
    <groups>
    </groups>
    <test name="Edgepay Application Test" duration-ms="304651" started-at="2018-08-26T12:46:15Z" finished-at="2018-08-26T12:51:20Z">
      <class name="com.get.qa.testcases.HomePageTest">
        <test-method status="PASS" signature="setup()[pri:0, instance:com.get.qa.testcases.HomePageTest@6fd02e5]" name="setup" is-config="true" duration-ms="30126" started-at="2018-08-26T12:46:26Z" finished-at="2018-08-26T12:46:56Z">
          <reporter-output>
          </reporter-output>
        </test-method> <!-- setup -->
        <test-method status="PASS" signature="verifyDashboardTxtTest()[pri:1, instance:com.get.qa.testcases.HomePageTest@6fd02e5]" name="verifyDashboardTxtTest" duration-ms="127" started-at="2018-08-26T12:46:56Z" finished-at="2018-08-26T12:46:56Z">
          <reporter-output>
          </reporter-output>
        </test-method> <!-- verifyDashboardTxtTest -->
        <test-method status="PASS" signature="tearDown()[pri:0, instance:com.get.qa.testcases.HomePageTest@6fd02e5]" name="tearDown" is-config="true" duration-ms="777" started-at="2018-08-26T12:46:56Z" finished-at="2018-08-26T12:46:57Z">
          <reporter-output>
          </reporter-output>
        </test-method> <!-- tearDown -->
        <test-method status="PASS" signature="setup()[pri:0, instance:com.get.qa.testcases.HomePageTest@6fd02e5]" name="setup" is-config="true" duration-ms="22644" started-at="2018-08-26T12:47:52Z" finished-at="2018-08-26T12:48:15Z">
          <reporter-output>
          </reporter-output>
        </test-method> <!-- setup -->
        <test-method status="PASS" signature="clickTokenManagerLinkTest()[pri:2, instance:com.get.qa.testcases.HomePageTest@6fd02e5]" name="clickTokenManagerLinkTest" duration-ms="6253" started-at="2018-08-26T12:48:15Z" finished-at="2018-08-26T12:48:21Z">
          <reporter-output>
          </reporter-output>
        </test-method> <!-- clickTokenManagerLinkTest -->
        <test-method status="PASS" signature="tearDown()[pri:0, instance:com.get.qa.testcases.HomePageTest@6fd02e5]" name="tearDown" is-config="true" duration-ms="877" started-at="2018-08-26T12:48:21Z" finished-at="2018-08-26T12:48:22Z">
          <reporter-output>
          </reporter-output>
        </test-method> <!-- tearDown -->
      </class> <!-- com.get.qa.testcases.HomePageTest -->
      <class name="com.get.qa.testcases.LoginPageTest">
        <test-method status="PASS" signature="setup()[pri:0, instance:com.get.qa.testcases.LoginPageTest@5700d6b1]" name="setup" is-config="true" duration-ms="9501" started-at="2018-08-26T12:46:15Z" finished-at="2018-08-26T12:46:25Z">
          <reporter-output>
          </reporter-output>
        </test-method> <!-- setup -->
        <test-method status="PASS" signature="loginPageTitleTest()[pri:1, instance:com.get.qa.testcases.LoginPageTest@5700d6b1]" name="loginPageTitleTest" duration-ms="78" started-at="2018-08-26T12:46:25Z" finished-at="2018-08-26T12:46:25Z">
          <reporter-output>
          </reporter-output>
        </test-method> <!-- loginPageTitleTest -->
        <test-method status="PASS" signature="tearDown()[pri:0, instance:com.get.qa.testcases.LoginPageTest@5700d6b1]" name="tearDown" is-config="true" duration-ms="777" started-at="2018-08-26T12:46:25Z" finished-at="2018-08-26T12:46:26Z">
          <reporter-output>
          </reporter-output>
        </test-method> <!-- tearDown -->
        <test-method status="PASS" signature="setup()[pri:0, instance:com.get.qa.testcases.LoginPageTest@5700d6b1]" name="setup" is-config="true" duration-ms="7913" started-at="2018-08-26T12:47:28Z" finished-at="2018-08-26T12:47:36Z">
          <reporter-output>
          </reporter-output>
        </test-method> <!-- setup -->
        <test-method status="PASS" signature="loginTest()[pri:2, instance:com.get.qa.testcases.LoginPageTest@5700d6b1]" name="loginTest" duration-ms="15571" started-at="2018-08-26T12:47:36Z" finished-at="2018-08-26T12:47:51Z">
          <reporter-output>
          </reporter-output>
        </test-method> <!-- loginTest -->
        <test-method status="PASS" signature="tearDown()[pri:0, instance:com.get.qa.testcases.LoginPageTest@5700d6b1]" name="tearDown" is-config="true" duration-ms="829" started-at="2018-08-26T12:47:51Z" finished-at="2018-08-26T12:47:52Z">
          <reporter-output>
          </reporter-output>
        </test-method> <!-- tearDown -->
      </class> <!-- com.get.qa.testcases.LoginPageTest -->
      <class name="com.get.qa.testcases.TokenManagerPageTest">
        <test-method status="PASS" signature="setup()[pri:0, instance:com.get.qa.testcases.TokenManagerPageTest@5bcab519]" name="setup" is-config="true" duration-ms="30100" started-at="2018-08-26T12:46:57Z" finished-at="2018-08-26T12:47:27Z">
          <reporter-output>
          </reporter-output>
        </test-method> <!-- setup -->
        <test-method status="PASS" signature="verifyTokenManagerPageTest()[pri:1, instance:com.get.qa.testcases.TokenManagerPageTest@5bcab519]" name="verifyTokenManagerPageTest" duration-ms="85" started-at="2018-08-26T12:47:27Z" finished-at="2018-08-26T12:47:27Z">
          <reporter-output>
          </reporter-output>
        </test-method> <!-- verifyTokenManagerPageTest -->
        <test-method status="PASS" signature="tearDown()[pri:0, instance:com.get.qa.testcases.TokenManagerPageTest@5bcab519]" name="tearDown" is-config="true" duration-ms="833" started-at="2018-08-26T12:47:27Z" finished-at="2018-08-26T12:47:28Z">
          <reporter-output>
          </reporter-output>
        </test-method> <!-- tearDown -->
        <test-method status="PASS" signature="setup()[pri:0, instance:com.get.qa.testcases.TokenManagerPageTest@5bcab519]" name="setup" is-config="true" duration-ms="34376" started-at="2018-08-26T12:48:23Z" finished-at="2018-08-26T12:48:57Z">
          <reporter-output>
          </reporter-output>
        </test-method> <!-- setup -->
        <test-method status="PASS" signature="requestCardTokenTest(java.lang.Object)[pri:2, instance:com.get.qa.testcases.TokenManagerPageTest@5bcab519]" name="requestCardTokenTest" duration-ms="8289" started-at="2018-08-26T12:48:57Z" data-provider="getCardTokenTestData" finished-at="2018-08-26T12:49:06Z">
          <params>
            <param index="0">
              <value>
                <![CDATA[4111111111111111]]>
              </value>
            </param>
          </params>
          <reporter-output>
          </reporter-output>
        </test-method> <!-- requestCardTokenTest -->
        <test-method status="PASS" signature="tearDown()[pri:0, instance:com.get.qa.testcases.TokenManagerPageTest@5bcab519]" name="tearDown" is-config="true" duration-ms="822" started-at="2018-08-26T12:49:06Z" finished-at="2018-08-26T12:49:06Z">
          <reporter-output>
          </reporter-output>
        </test-method> <!-- tearDown -->
        <test-method status="PASS" signature="setup()[pri:0, instance:com.get.qa.testcases.TokenManagerPageTest@5bcab519]" name="setup" is-config="true" duration-ms="37252" started-at="2018-08-26T12:49:06Z" finished-at="2018-08-26T12:49:44Z">
          <reporter-output>
          </reporter-output>
        </test-method> <!-- setup -->
        <test-method status="PASS" signature="requestCardTokenTest(java.lang.Object)[pri:2, instance:com.get.qa.testcases.TokenManagerPageTest@5bcab519]" name="requestCardTokenTest" duration-ms="8289" started-at="2018-08-26T12:49:44Z" data-provider="getCardTokenTestData" finished-at="2018-08-26T12:49:52Z">
          <params>
            <param index="0">
              <value>
                <![CDATA[4444333322221111]]>
              </value>
            </param>
          </params>
          <reporter-output>
          </reporter-output>
        </test-method> <!-- requestCardTokenTest -->
        <test-method status="PASS" signature="tearDown()[pri:0, instance:com.get.qa.testcases.TokenManagerPageTest@5bcab519]" name="tearDown" is-config="true" duration-ms="800" started-at="2018-08-26T12:49:52Z" finished-at="2018-08-26T12:49:53Z">
          <reporter-output>
          </reporter-output>
        </test-method> <!-- tearDown -->
        <test-method status="PASS" signature="setup()[pri:0, instance:com.get.qa.testcases.TokenManagerPageTest@5bcab519]" name="setup" is-config="true" duration-ms="32102" started-at="2018-08-26T12:49:53Z" finished-at="2018-08-26T12:50:25Z">
          <reporter-output>
          </reporter-output>
        </test-method> <!-- setup -->
        <test-method status="PASS" signature="requestCheckTokenTest(java.lang.Object, java.lang.Object)[pri:3, instance:com.get.qa.testcases.TokenManagerPageTest@5bcab519]" name="requestCheckTokenTest" duration-ms="7678" started-at="2018-08-26T12:50:25Z" data-provider="getCheckTokenTestData" finished-at="2018-08-26T12:50:33Z">
          <params>
            <param index="0">
              <value>
                <![CDATA[123456789]]>
              </value>
            </param>
            <param index="1">
              <value>
                <![CDATA[98765432123456]]>
              </value>
            </param>
          </params>
          <reporter-output>
          </reporter-output>
        </test-method> <!-- requestCheckTokenTest -->
        <test-method status="PASS" signature="tearDown()[pri:0, instance:com.get.qa.testcases.TokenManagerPageTest@5bcab519]" name="tearDown" is-config="true" duration-ms="793" started-at="2018-08-26T12:50:33Z" finished-at="2018-08-26T12:50:33Z">
          <reporter-output>
          </reporter-output>
        </test-method> <!-- tearDown -->
        <test-method status="PASS" signature="setup()[pri:0, instance:com.get.qa.testcases.TokenManagerPageTest@5bcab519]" name="setup" is-config="true" duration-ms="38007" started-at="2018-08-26T12:50:33Z" finished-at="2018-08-26T12:51:11Z">
          <reporter-output>
          </reporter-output>
        </test-method> <!-- setup -->
        <test-method status="PASS" signature="requestCheckTokenTest(java.lang.Object, java.lang.Object)[pri:3, instance:com.get.qa.testcases.TokenManagerPageTest@5bcab519]" name="requestCheckTokenTest" duration-ms="7695" started-at="2018-08-26T12:51:11Z" data-provider="getCheckTokenTestData" finished-at="2018-08-26T12:51:19Z">
          <params>
            <param index="0">
              <value>
                <![CDATA[123456785]]>
              </value>
            </param>
            <param index="1">
              <value>
                <![CDATA[98765432123456]]>
              </value>
            </param>
          </params>
          <reporter-output>
          </reporter-output>
        </test-method> <!-- requestCheckTokenTest -->
        <test-method status="PASS" signature="tearDown()[pri:0, instance:com.get.qa.testcases.TokenManagerPageTest@5bcab519]" name="tearDown" is-config="true" duration-ms="862" started-at="2018-08-26T12:51:19Z" finished-at="2018-08-26T12:51:20Z">
          <reporter-output>
          </reporter-output>
        </test-method> <!-- tearDown -->
      </class> <!-- com.get.qa.testcases.TokenManagerPageTest -->
    </test> <!-- Edgepay Application Test -->
  </suite> <!-- Edgepay Application Test Automation Test Suite -->
</testng-results>
